14-01-01 23:38:48,654 [main] USING com.atomikos.icatch.soap_commit_protocols = atomikos,wsat
14-01-01 23:38:48,655 [main] USING com.atomikos.icatch.console_file_name = tm.out
14-01-01 23:38:48,655 [main] USING com.atomikos.icatch.console_file_count = 1
14-01-01 23:38:48,655 [main] USING com.atomikos.icatch.automatic_resource_registration = true
14-01-01 23:38:48,655 [main] USING com.atomikos.icatch.client_demarcation = false
14-01-01 23:38:48,655 [main] USING com.atomikos.icatch.soap_request_threads = 1
14-01-01 23:38:48,655 [main] USING com.atomikos.icatch.threaded_2pc = true
14-01-01 23:38:48,655 [main] USING com.atomikos.icatch.soap_host_address = 192.168.13.100
14-01-01 23:38:48,655 [main] USING com.atomikos.icatch.serial_jta_transactions = true
14-01-01 23:38:48,655 [main] USING com.atomikos.icatch.log_base_dir = ./
14-01-01 23:38:48,655 [main] USING com.atomikos.icatch.console_log_level = WARN
14-01-01 23:38:48,655 [main] USING com.atomikos.icatch.max_actives = 50
14-01-01 23:38:48,655 [main] USING com.atomikos.icatch.soap_port = 8088
14-01-01 23:38:48,655 [main] USING com.atomikos.icatch.checkpoint_interval = 500
14-01-01 23:38:48,655 [main] USING com.atomikos.icatch.enable_logging = true
14-01-01 23:38:48,655 [main] USING com.atomikos.icatch.output_dir = ./
14-01-01 23:38:48,655 [main] USING com.atomikos.icatch.log_base_name = tmlog
14-01-01 23:38:48,655 [main] USING com.atomikos.icatch.console_file_limit = -1
14-01-01 23:38:48,655 [main] USING com.atomikos.icatch.max_timeout = 300000
14-01-01 23:38:48,655 [main] USING java.naming.factory.initial = com.sun.jndi.rmi.registry.RegistryContextFactory
14-01-01 23:38:48,655 [main] USING com.atomikos.icatch.tm_unique_name = 192.168.13.100.tm
14-01-01 23:38:48,655 [main] USING java.naming.provider.url = rmi://localhost:1099
14-01-01 23:38:48,655 [main] USING com.atomikos.icatch.service = com.atomikos.icatch.standalone.UserTransactionServiceFactory
14-01-01 23:38:48,655 [main] USING com.atomikos.icatch.force_shutdown_on_vm_exit = false
